# JRE version: OpenJDK Runtime Environment AdoptOpenJDK (15.0.2+7) (build 15.0.2+7)
# Java VM: OpenJDK 64-Bit Server VM AdoptOpenJDK (15.0.2+7, mixed mode, sharing, tiered, compressed oops, g1 gc, windows-amd64)
GC Precious Log:
 CPUs: 4 total, 4 available
 Memory: 3490M
 Large Page Support: Disabled
 NUMA Support: Disabled
 Compressed Oops: Enabled (32-bit)
 Heap Region Size: 1M
 Heap Min Capacity: 8M
 Heap Initial Capacity: 56M
 Heap Max Capacity: 874M
 Pre-touch: Disabled
 Parallel Workers: 4
 Concurrent Workers: 1
 Concurrent Refinement Workers: 4
 Periodic GC: Disabled
Heap:
 garbage-first heap   total 56320K, used 39864K [0x00000000c9600000, 0x0000000100000000)
  region size 1024K, 17 young (17408K), 2 survivors (2048K)
 Metaspace       used 32765K, capacity 33096K, committed 33456K, reserved 1079296K
  class space    used 4104K, capacity 4239K, committed 4352K, reserved 1048576K
GC Heap History (20 events):
Event: 2455.809 GC heap before
{Heap before GC invocations=17 (full 0):
 garbage-first heap   total 56320K, used 42534K [0x00000000c9600000, 0x0000000100000000)
  region size 1024K, 16 young (16384K), 2 survivors (2048K)
 Metaspace       used 32451K, capacity 32802K, committed 33072K, reserved 1079296K
  class space    used 4040K, capacity 4155K, committed 4224K, reserved 1048576K
}
Event: 2455.815 GC heap after
{Heap after GC invocations=18 (full 0):
 garbage-first heap   total 56320K, used 28885K [0x00000000c9600000, 0x0000000100000000)
  region size 1024K, 2 young (2048K), 2 survivors (2048K)
 Metaspace       used 32451K, capacity 32802K, committed 33072K, reserved 1079296K
  class space    used 4040K, capacity 4155K, committed 4224K, reserved 1048576K
}
Event: 2455.842 GC heap before
{Heap before GC invocations=18 (full 0):
 garbage-first heap   total 56320K, used 28885K [0x00000000c9600000, 0x0000000100000000)
  region size 1024K, 3 young (3072K), 2 survivors (2048K)
 Metaspace       used 32451K, capacity 32802K, committed 33072K, reserved 1079296K
  class space    used 4040K, capacity 4155K, committed 4224K, reserved 1048576K
}
Event: 2455.890 GC heap after
{Heap after GC invocations=19 (full 0):
 garbage-first heap   total 56320K, used 26840K [0x00000000c9600000, 0x0000000100000000)
  region size 1024K, 1 young (1024K), 1 survivors (1024K)
 Metaspace       used 32451K, capacity 32802K, committed 33072K, reserved 1079296K
  class space    used 4040K, capacity 4155K, committed 4224K, reserved 1048576K
}
Event: 2465.093 GC heap before
{Heap before GC invocations=19 (full 0):
 garbage-first heap   total 56320K, used 42200K [0x00000000c9600000, 0x0000000100000000)
  region size 1024K, 16 young (16384K), 1 survivors (1024K)
 Metaspace       used 32469K, capacity 32802K, committed 33072K, reserved 1079296K
  class space    used 4042K, capacity 4155K, committed 4224K, reserved 1048576K
}
Event: 2465.099 GC heap after
{Heap after GC invocations=20 (full 0):
 garbage-first heap   total 56320K, used 29192K [0x00000000c9600000, 0x0000000100000000)
  region size 1024K, 2 young (2048K), 2 survivors (2048K)
 Metaspace       used 32469K, capacity 32802K, committed 33072K, reserved 1079296K
  class space    used 4042K, capacity 4155K, committed 4224K, reserved 1048576K
}
Event: 2867.048 GC heap before
{Heap before GC invocations=21 (full 0):
 garbage-first heap   total 56320K, used 43528K [0x00000000c9600000, 0x0000000100000000)
  region size 1024K, 16 young (16384K), 2 survivors (2048K)
 Metaspace       used 32577K, capacity 32898K, committed 33200K, reserved 1079296K
  class space    used 4071K, capacity 4187K, committed 4352K, reserved 1048576K
}
Event: 2867.286 GC heap after
{Heap after GC invocations=22 (full 0):
 garbage-first heap   total 56320K, used 29679K [0x00000000c9600000, 0x0000000100000000)
  region size 1024K, 2 young (2048K), 2 survivors (2048K)
 Metaspace       used 32577K, capacity 32898K, committed 33200K, reserved 1079296K
  class space    used 4071K, capacity 4187K, committed 4352K, reserved 1048576K
}
Event: 2930.380 GC heap before
{Heap before GC invocations=22 (full 0):
 garbage-first heap   total 56320K, used 30703K [0x00000000c9600000, 0x0000000100000000)
  region size 1024K, 3 young (3072K), 2 survivors (2048K)
 Metaspace       used 32582K, capacity 32898K, committed 33200K, reserved 1079296K
  class space    used 4073K, capacity 4187K, committed 4352K, reserved 1048576K
}
Event: 2931.322 GC heap after
{Heap after GC invocations=23 (full 0):
 garbage-first heap   total 56320K, used 26283K [0x00000000c9600000, 0x0000000100000000)
  region size 1024K, 1 young (1024K), 1 survivors (1024K)
 Metaspace       used 32582K, capacity 32898K, committed 33200K, reserved 1079296K
  class space    used 4073K, capacity 4187K, committed 4352K, reserved 1048576K
}
Event: 2936.170 GC heap before
{Heap before GC invocations=23 (full 0):
 garbage-first heap   total 56320K, used 36523K [0x00000000c9600000, 0x0000000100000000)
  region size 1024K, 11 young (11264K), 1 survivors (1024K)
 Metaspace       used 32637K, capacity 32998K, committed 33456K, reserved 1079296K
  class space    used 4082K, capacity 4194K, committed 4352K, reserved 1048576K
}
Event: 2936.400 GC heap after
{Heap after GC invocations=24 (full 0):
 garbage-first heap   total 56320K, used 26257K [0x00000000c9600000, 0x0000000100000000)
  region size 1024K, 1 young (1024K), 1 survivors (1024K)
 Metaspace       used 32637K, capacity 32998K, committed 33456K, reserved 1079296K
  class space    used 4082K, capacity 4194K, committed 4352K, reserved 1048576K
}
Event: 3302.744 GC heap before
{Heap before GC invocations=25 (full 0):
 garbage-first heap   total 56320K, used 34449K [0x00000000c9600000, 0x0000000100000000)
  region size 1024K, 10 young (10240K), 1 survivors (1024K)
 Metaspace       used 32713K, capacity 33064K, committed 33456K, reserved 1079296K
  class space    used 4090K, capacity 4207K, committed 4352K, reserved 1048576K
}
Event: 3302.806 GC heap after
{Heap after GC invocations=26 (full 0):
 garbage-first heap   total 56320K, used 26493K [0x00000000c9600000, 0x0000000100000000)
  region size 1024K, 1 young (1024K), 1 survivors (1024K)
 Metaspace       used 32713K, capacity 33064K, committed 33456K, reserved 1079296K
  class space    used 4090K, capacity 4207K, committed 4352K, reserved 1048576K
}
Event: 3302.916 GC heap before
{Heap before GC invocations=26 (full 0):
 garbage-first heap   total 56320K, used 27517K [0x00000000c9600000, 0x0000000100000000)
  region size 1024K, 2 young (2048K), 1 survivors (1024K)
 Metaspace       used 32740K, capacity 33064K, committed 33456K, reserved 1079296K
  class space    used 4100K, capacity 4207K, committed 4352K, reserved 1048576K
}
Event: 3303.063 GC heap after
{Heap after GC invocations=27 (full 0):
 garbage-first heap   total 56320K, used 25168K [0x00000000c9600000, 0x0000000100000000)
  region size 1024K, 1 young (1024K), 1 survivors (1024K)
 Metaspace       used 32740K, capacity 33064K, committed 33456K, reserved 1079296K
  class space    used 4100K, capacity 4207K, committed 4352K, reserved 1048576K
}
Event: 3407.673 GC heap before
{Heap before GC invocations=27 (full 0):
 garbage-first heap   total 56320K, used 41552K [0x00000000c9600000, 0x0000000100000000)
  region size 1024K, 17 young (17408K), 1 survivors (1024K)
 Metaspace       used 32754K, capacity 33096K, committed 33456K, reserved 1079296K
  class space    used 4104K, capacity 4239K, committed 4352K, reserved 1048576K
}
Event: 3407.680 GC heap after
{Heap after GC invocations=28 (full 0):
 garbage-first heap   total 56320K, used 25132K [0x00000000c9600000, 0x0000000100000000)
  region size 1024K, 1 young (1024K), 1 survivors (1024K)
 Metaspace       used 32754K, capacity 33096K, committed 33456K, reserved 1079296K
  class space    used 4104K, capacity 4239K, committed 4352K, reserved 1048576K
}
Event: 3432.402 GC heap before
{Heap before GC invocations=28 (full 0):
 garbage-first heap   total 56320K, used 45612K [0x00000000c9600000, 0x0000000100000000)
  region size 1024K, 21 young (21504K), 1 survivors (1024K)
 Metaspace       used 32765K, capacity 33096K, committed 33456K, reserved 1079296K
  class space    used 4104K, capacity 4239K, committed 4352K, reserved 1048576K
}
Event: 3432.406 GC heap after
{Heap after GC invocations=29 (full 0):
 garbage-first heap   total 56320K, used 25528K [0x00000000c9600000, 0x0000000100000000)
  region size 1024K, 2 young (2048K), 2 survivors (2048K)
 Metaspace       used 32765K, capacity 33096K, committed 33456K, reserved 1079296K
  class space    used 4104K, capacity 4239K, committed 4352K, reserved 1048576K
}

